[     630ms] [INFO] %cDownload the React DevTools for a better development experience: https://react.dev/link/react-devtools font-weight:bold @ http://localhost:3000/_next/static/chunks/0wg0_next_dist_070.zfl._.js:2431
[     742ms] [LOG] [HMR] connected @ http://localhost:3000/_next/static/chunks/0wg0_next_dist_070.zfl._.js:2431
[     813ms] [WARNING] Image with src "/verdeart.png" has either width or height modified, but not the other. If you use CSS to change the size of your image, also include the styles 'width: "auto"' or 'height: "auto"' to maintain the aspect ratio. @ http://localhost:3000/_next/static/chunks/0wg0_next_dist_070.zfl._.js:2431
[     914ms] [LOG] [Fast Refresh] rebuilding @ http://localhost:3000/_next/static/chunks/0wg0_next_dist_070.zfl._.js:2431
[     927ms] [ERROR] Failed to load resource: the server responded with a status of 500 (Internal Server Error) @ http://localhost:3000/api/promotion:0
[     928ms] [LOG] [Fast Refresh] done in 114ms @ http://localhost:3000/_next/static/chunks/0wg0_next_dist_070.zfl._.js:2431
[  609372ms] [LOG] [Fast Refresh] rebuilding @ http://localhost:3000/_next/static/chunks/0wg0_next_dist_070.zfl._.js:2431
[  609474ms] [LOG] [Fast Refresh] done in 178ms @ http://localhost:3000/_next/static/chunks/0wg0_next_dist_070.zfl._.js:2431
[  756253ms] [LOG] [Fast Refresh] rebuilding @ http://localhost:3000/_next/static/chunks/0wg0_next_dist_070.zfl._.js:2431
[  756396ms] [ERROR] ./Verde_web-v2/app/page.tsx:11:1
Module not found: Can't resolve '@/components/ZoneMap'
   9 | import ClosedState from "@/components/ClosedState";
  10 | import Packs from "@/components/Packs";
> 11 | import ZoneMap from "@/components/ZoneMap";
     | ^^^^^^^^^^^^^^^^^^^^^^^^^^^^^^^^^^^^^^^^^^^
  12 | import type { Product } from "@/lib/products";
  13 |
  14 | export const dynamic = "force-dynamic";

Import map: aliased to relative './components/ZoneMap' inside of [project]/Verde_web-v2

https://nextjs.org/docs/messages/module-not-found @ http://localhost:3000/_next/static/chunks/0wg0_next_dist_070.zfl._.js:3272
[  756540ms] [LOG] [Fast Refresh] rebuilding @ http://localhost:3000/_next/static/chunks/0wg0_next_dist_070.zfl._.js:2431
[  756742ms] [ERROR] ./Verde_web-v2/app/page.tsx:11:1
Module not found: Can't resolve '@/components/ZoneMap'
   9 | import ClosedState from "@/components/ClosedState";
  10 | import Packs from "@/components/Packs";
> 11 | import ZoneMap from "@/components/ZoneMap";
     | ^^^^^^^^^^^^^^^^^^^^^^^^^^^^^^^^^^^^^^^^^^^
  12 | import type { Product } from "@/lib/products";
  13 |
  14 | export const dynamic = "force-dynamic";

Import map: aliased to relative './components/ZoneMap' inside of [project]/Verde_web-v2

https://nextjs.org/docs/messages/module-not-found @ http://localhost:3000/_next/static/chunks/0wg0_next_dist_070.zfl._.js:3272
[  756843ms] [LOG] [Fast Refresh] rebuilding @ http://localhost:3000/_next/static/chunks/0wg0_next_dist_070.zfl._.js:2431
[  757294ms] [ERROR] ./Verde_web-v2/app/page.tsx:11:1
Module not found: Can't resolve '@/components/ZoneMap'
   9 | import ClosedState from "@/components/ClosedState";
  10 | import Packs from "@/components/Packs";
> 11 | import ZoneMap from "@/components/ZoneMap";
     | ^^^^^^^^^^^^^^^^^^^^^^^^^^^^^^^^^^^^^^^^^^^
  12 | import type { Product } from "@/lib/products";
  13 |
  14 | export const dynamic = "force-dynamic";

Import map: aliased to relative './components/ZoneMap' inside of [project]/Verde_web-v2

https://nextjs.org/docs/messages/module-not-found @ http://localhost:3000/_next/static/chunks/0wg0_next_dist_070.zfl._.js:3272
[  757296ms] [ERROR] Failed to load resource: the server responded with a status of 500 (Internal Server Error) @ http://localhost:3000/?_rsc=wnywt:0
[  757305ms] [ERROR] Failed to load resource: the server responded with a status of 500 (Internal Server Error) @ http://localhost:3000/?_rsc=wnywt:0
[  757360ms] [ERROR] ./Verde_web-v2/app/page.tsx:11:1
Module not found: Can't resolve '@/components/ZoneMap'
   9 | import ClosedState from "@/components/ClosedState";
  10 | import Packs from "@/components/Packs";
> 11 | import ZoneMap from "@/components/ZoneMap";
     | ^^^^^^^^^^^^^^^^^^^^^^^^^^^^^^^^^^^^^^^^^^^
  12 | import type { Product } from "@/lib/products";
  13 |
  14 | export const dynamic = "force-dynamic";

Import map: aliased to relative './components/ZoneMap' inside of [project]/Verde_web-v2

https://nextjs.org/docs/messages/module-not-found @ http://localhost:3000/_next/static/chunks/0wg0_next_dist_070.zfl._.js:3272
[  757400ms] [LOG] [Fast Refresh] rebuilding @ http://localhost:3000/_next/static/chunks/0wg0_next_dist_070.zfl._.js:2431
[  757441ms] [ERROR] Failed to load resource: the server responded with a status of 500 (Internal Server Error) @ http://localhost:3000/:0
[  757643ms] [INFO] %cDownload the React DevTools for a better development experience: https://reactjs.org/link/react-devtools font-weight:bold @ http://localhost:3000/_next/static/chunks/0wg0_react-dom_cjs_react-dom_development_0u39s2c.js:25055
[  757744ms] Error: ./Verde_web-v2/app/page.tsx:11:1
Module not found: Can't resolve '@/components/ZoneMap'
   9 | import ClosedState from "@/components/ClosedState";
  10 | import Packs from "@/components/Packs";
> 11 | import ZoneMap from "@/components/ZoneMap";
     | ^^^^^^^^^^^^^^^^^^^^^^^^^^^^^^^^^^^^^^^^^^^
  12 | import type { Product } from "@/lib/products";
  13 |
  14 | export const dynamic = "force-dynamic";

Import map: aliased to relative './components/ZoneMap' inside of [project]/Verde_web-v2


https://nextjs.org/docs/messages/module-not-found


    at <unknown> (Error: ./Verde_web-v2/app/page.tsx:11:1)
    at <unknown> (https://nextjs.org/docs/messages/module-not-found)
    at Object.getCompilationErrors (file:///Users/amose/Verde_web-v2/node_modules/next/dist/server/dev/hot-reloader-turbopack.js:1186:59)
    at DevBundlerService.getCompilationError (file:///Users/amose/Verde_web-v2/node_modules/next/dist/server/lib/dev-bundler-service.js:44:55)
    at DevServer.getCompilationError (file:///Users/amose/Verde_web-v2/node_modules/next/dist/server/dev/next-dev-server.js:719:42)
    at DevServer.findPageComponents (file:///Users/amose/Verde_web-v2/node_modules/next/dist/server/dev/next-dev-server.js:689:43)
    at async DevServer.renderErrorToResponseImpl (file:///Users/amose/Verde_web-v2/node_modules/next/dist/server/base-server.js:1745:26)
[  757734ms] [LOG] [HMR] connected @ http://localhost:3000/_next/static/chunks/0wg0_next_dist_0w8ga08._.js:1226
[  757767ms] [ERROR] Failed to load resource: the server responded with a status of 404 (Not Found) @ http://localhost:3000/favicon.ico:0
[  757774ms] [ERROR] ./Verde_web-v2/app/page.tsx:11:1
Module not found: Can't resolve '@/components/ZoneMap'
   9 | import ClosedState from "@/components/ClosedState";
  10 | import Packs from "@/components/Packs";
> 11 | import ZoneMap from "@/components/ZoneMap";
     | ^^^^^^^^^^^^^^^^^^^^^^^^^^^^^^^^^^^^^^^^^^^
  12 | import type { Product } from "@/lib/products";
  13 |
  14 | export const dynamic = "force-dynamic";

Import map: aliased to relative './components/ZoneMap' inside of [project]/Verde_web-v2

https://nextjs.org/docs/messages/module-not-found @ http://localhost:3000/_next/static/chunks/0wg0_next_dist_0w8ga08._.js:1945
[  757799ms] [ERROR] ./Verde_web-v2/app/page.tsx:11:1
Module not found: Can't resolve '@/components/ZoneMap'
   9 | import ClosedState from "@/components/ClosedState";
  10 | import Packs from "@/components/Packs";
> 11 | import ZoneMap from "@/components/ZoneMap";
     | ^^^^^^^^^^^^^^^^^^^^^^^^^^^^^^^^^^^^^^^^^^^
  12 | import type { Product } from "@/lib/products";
  13 |
  14 | export const dynamic = "force-dynamic";

Import map: aliased to relative './components/ZoneMap' inside of [project]/Verde_web-v2

https://nextjs.org/docs/messages/module-not-found @ http://localhost:3000/_next/static/chunks/0wg0_next_dist_0w8ga08._.js:1945
[  757850ms] [ERROR] ./Verde_web-v2/app/page.tsx:11:1
Module not found: Can't resolve '@/components/ZoneMap'
   9 | import ClosedState from "@/components/ClosedState";
  10 | import Packs from "@/components/Packs";
> 11 | import ZoneMap from "@/components/ZoneMap";
     | ^^^^^^^^^^^^^^^^^^^^^^^^^^^^^^^^^^^^^^^^^^^
  12 | import type { Product } from "@/lib/products";
  13 |
  14 | export const dynamic = "force-dynamic";

Import map: aliased to relative './components/ZoneMap' inside of [project]/Verde_web-v2

https://nextjs.org/docs/messages/module-not-found @ http://localhost:3000/_next/static/chunks/0wg0_next_dist_0w8ga08._.js:1945
[  757905ms] [ERROR] ./Verde_web-v2/app/page.tsx:11:1
Module not found: Can't resolve '@/components/ZoneMap'
   9 | import ClosedState from "@/components/ClosedState";
  10 | import Packs from "@/components/Packs";
> 11 | import ZoneMap from "@/components/ZoneMap";
     | ^^^^^^^^^^^^^^^^^^^^^^^^^^^^^^^^^^^^^^^^^^^
  12 | import type { Product } from "@/lib/products";
  13 |
  14 | export const dynamic = "force-dynamic";

Import map: aliased to relative './components/ZoneMap' inside of [project]/Verde_web-v2

https://nextjs.org/docs/messages/module-not-found @ http://localhost:3000/_next/static/chunks/0wg0_next_dist_0w8ga08._.js:1945
[  757973ms] [LOG] [Fast Refresh] rebuilding @ http://localhost:3000/_next/static/chunks/0wg0_next_dist_0w8ga08._.js:1226
[  801589ms] [LOG] [Fast Refresh] rebuilding @ http://localhost:3000/_next/static/chunks/0wg0_next_dist_0w8ga08._.js:1226
[  801599ms] [ERROR] ./Verde_web-v2/app/page.tsx:11:1
Module not found: Can't resolve '@/components/ZoneMap'
   9 | import ClosedState from "@/components/ClosedState";
  10 | import Packs from "@/components/Packs";
> 11 | import ZoneMap from "@/components/ZoneMap";
     | ^^^^^^^^^^^^^^^^^^^^^^^^^^^^^^^^^^^^^^^^^^^
  12 | import type { Product } from "@/lib/products";
  13 |
  14 | export const dynamic = "force-dynamic";

Import map: aliased to relative './components/ZoneMap' inside of [project]/Verde_web-v2

https://nextjs.org/docs/messages/module-not-found @ http://localhost:3000/_next/static/chunks/0wg0_next_dist_0w8ga08._.js:1945
[  958679ms] [LOG] [Fast Refresh] rebuilding @ http://localhost:3000/_next/static/chunks/0wg0_next_dist_0w8ga08._.js:1226
[  958702ms] [ERROR] ./Verde_web-v2/app/page.tsx:11:1
Module not found: Can't resolve '@/components/ZoneMap'
   9 | import ClosedState from "@/components/ClosedState";
  10 | import Packs from "@/components/Packs";
> 11 | import ZoneMap from "@/components/ZoneMap";
     | ^^^^^^^^^^^^^^^^^^^^^^^^^^^^^^^^^^^^^^^^^^^
  12 | import type { Product } from "@/lib/products";
  13 |
  14 | export const dynamic = "force-dynamic";

Import map: aliased to relative './components/ZoneMap' inside of [project]/Verde_web-v2

https://nextjs.org/docs/messages/module-not-found @ http://localhost:3000/_next/static/chunks/0wg0_next_dist_0w8ga08._.js:1945
[ 1412440ms] [LOG] [Fast Refresh] rebuilding @ http://localhost:3000/_next/static/chunks/0wg0_next_dist_0w8ga08._.js:1226
[ 1412517ms] [ERROR] ./Verde_web-v2/app/page.tsx:11:1
Module not found: Can't resolve '@/components/ZoneMap'
   9 | import ClosedState from "@/components/ClosedState";
  10 | import Packs from "@/components/Packs";
> 11 | import ZoneMap from "@/components/ZoneMap";
     | ^^^^^^^^^^^^^^^^^^^^^^^^^^^^^^^^^^^^^^^^^^^
  12 | import type { Product } from "@/lib/products";
  13 |
  14 | export const dynamic = "force-dynamic";

Import map: aliased to relative './components/ZoneMap' inside of [project]/Verde_web-v2

https://nextjs.org/docs/messages/module-not-found @ http://localhost:3000/_next/static/chunks/0wg0_next_dist_0w8ga08._.js:1945
[ 1412597ms] [ERROR] ./Verde_web-v2/app/page.tsx:11:1
Module not found: Can't resolve '@/components/ZoneMap'
   9 | import ClosedState from "@/components/ClosedState";
  10 | import Packs from "@/components/Packs";
> 11 | import ZoneMap from "@/components/ZoneMap";
     | ^^^^^^^^^^^^^^^^^^^^^^^^^^^^^^^^^^^^^^^^^^^
  12 | import type { Product } from "@/lib/products";
  13 |
  14 | export const dynamic = "force-dynamic";

Import map: aliased to relative './components/ZoneMap' inside of [project]/Verde_web-v2

https://nextjs.org/docs/messages/module-not-found @ http://localhost:3000/_next/static/chunks/0wg0_next_dist_0w8ga08._.js:1945
[ 1412653ms] [ERROR] Failed to load resource: the server responded with a status of 500 (Internal Server Error) @ http://localhost:3000/:0
[ 1412688ms] [INFO] %cDownload the React DevTools for a better development experience: https://reactjs.org/link/react-devtools font-weight:bold @ http://localhost:3000/_next/static/chunks/0wg0_react-dom_cjs_react-dom_development_0u39s2c.js:25055
[ 1412702ms] Error: ./Verde_web-v2/app/page.tsx:11:1
Module not found: Can't resolve '@/components/ZoneMap'
   9 | import ClosedState from "@/components/ClosedState";
  10 | import Packs from "@/components/Packs";
> 11 | import ZoneMap from "@/components/ZoneMap";
     | ^^^^^^^^^^^^^^^^^^^^^^^^^^^^^^^^^^^^^^^^^^^
  12 | import type { Product } from "@/lib/products";
  13 |
  14 | export const dynamic = "force-dynamic";

Import map: aliased to relative './components/ZoneMap' inside of [project]/Verde_web-v2


https://nextjs.org/docs/messages/module-not-found


    at <unknown> (Error: ./Verde_web-v2/app/page.tsx:11:1)
    at <unknown> (https://nextjs.org/docs/messages/module-not-found)
    at Object.getCompilationErrors (file:///Users/amose/Verde_web-v2/node_modules/next/dist/server/dev/hot-reloader-turbopack.js:1186:59)
    at DevBundlerService.getCompilationError (file:///Users/amose/Verde_web-v2/node_modules/next/dist/server/lib/dev-bundler-service.js:44:55)
    at DevServer.getCompilationError (file:///Users/amose/Verde_web-v2/node_modules/next/dist/server/dev/next-dev-server.js:719:42)
    at DevServer.findPageComponents (file:///Users/amose/Verde_web-v2/node_modules/next/dist/server/dev/next-dev-server.js:689:43)
    at async DevServer.renderErrorToResponseImpl (file:///Users/amose/Verde_web-v2/node_modules/next/dist/server/base-server.js:1745:26)
[ 1412699ms] [LOG] [HMR] connected @ http://localhost:3000/_next/static/chunks/0wg0_next_dist_0w8ga08._.js:1226
[ 1412702ms] [ERROR] ./Verde_web-v2/app/page.tsx:11:1
Module not found: Can't resolve '@/components/ZoneMap'
   9 | import ClosedState from "@/components/ClosedState";
  10 | import Packs from "@/components/Packs";
> 11 | import ZoneMap from "@/components/ZoneMap";
     | ^^^^^^^^^^^^^^^^^^^^^^^^^^^^^^^^^^^^^^^^^^^
  12 | import type { Product } from "@/lib/products";
  13 |
  14 | export const dynamic = "force-dynamic";

Import map: aliased to relative './components/ZoneMap' inside of [project]/Verde_web-v2

https://nextjs.org/docs/messages/module-not-found @ http://localhost:3000/_next/static/chunks/0wg0_next_dist_0w8ga08._.js:1945
[ 1412747ms] [ERROR] ./Verde_web-v2/app/page.tsx:11:1
Module not found: Can't resolve '@/components/ZoneMap'
   9 | import ClosedState from "@/components/ClosedState";
  10 | import Packs from "@/components/Packs";
> 11 | import ZoneMap from "@/components/ZoneMap";
     | ^^^^^^^^^^^^^^^^^^^^^^^^^^^^^^^^^^^^^^^^^^^
  12 | import type { Product } from "@/lib/products";
  13 |
  14 | export const dynamic = "force-dynamic";

Import map: aliased to relative './components/ZoneMap' inside of [project]/Verde_web-v2

https://nextjs.org/docs/messages/module-not-found @ http://localhost:3000/_next/static/chunks/0wg0_next_dist_0w8ga08._.js:1945
[ 1412802ms] [LOG] [Fast Refresh] rebuilding @ http://localhost:3000/_next/static/chunks/0wg0_next_dist_0w8ga08._.js:1226
[ 1412893ms] [ERROR] ./Verde_web-v2/app/page.tsx:11:1
Module not found: Can't resolve '@/components/ZoneMap'
   9 | import ClosedState from "@/components/ClosedState";
  10 | import Packs from "@/components/Packs";
> 11 | import ZoneMap from "@/components/ZoneMap";
     | ^^^^^^^^^^^^^^^^^^^^^^^^^^^^^^^^^^^^^^^^^^^
  12 | import type { Product } from "@/lib/products";
  13 |
  14 | export const dynamic = "force-dynamic";

Import map: aliased to relative './components/ZoneMap' inside of [project]/Verde_web-v2

https://nextjs.org/docs/messages/module-not-found @ http://localhost:3000/_next/static/chunks/0wg0_next_dist_0w8ga08._.js:1945
[ 1412957ms] [LOG] [Fast Refresh] rebuilding @ http://localhost:3000/_next/static/chunks/0wg0_next_dist_0w8ga08._.js:1226
[ 1441034ms] [LOG] [Fast Refresh] rebuilding @ http://localhost:3000/_next/static/chunks/0wg0_next_dist_0w8ga08._.js:1226
[ 1441586ms] [LOG] [Fast Refresh] done in 58ms @ http://localhost:3000/_next/static/chunks/0wg0_next_dist_0w8ga08._.js:1226
[ 1441818ms] [INFO] %cDownload the React DevTools for a better development experience: https://react.dev/link/react-devtools font-weight:bold @ http://localhost:3000/_next/static/chunks/0wg0_next_dist_070.zfl._.js:2431
[ 1441836ms] [LOG] [HMR] connected @ http://localhost:3000/_next/static/chunks/0wg0_next_dist_070.zfl._.js:2431
[ 1441868ms] [WARNING] Image with src "/verdeart.png" has either width or height modified, but not the other. If you use CSS to change the size of your image, also include the styles 'width: "auto"' or 'height: "auto"' to maintain the aspect ratio. @ http://localhost:3000/_next/static/chunks/0wg0_next_dist_070.zfl._.js:2431
[ 1441964ms] [LOG] [Fast Refresh] rebuilding @ http://localhost:3000/_next/static/chunks/0wg0_next_dist_070.zfl._.js:2431
[ 1442299ms] [LOG] [Fast Refresh] done in 436ms @ http://localhost:3000/_next/static/chunks/0wg0_next_dist_070.zfl._.js:2431
[ 1442313ms] [ERROR] Failed to load resource: the server responded with a status of 500 (Internal Server Error) @ http://localhost:3000/api/promotion:0
[ 1454694ms] [LOG] [Fast Refresh] rebuilding @ http://localhost:3000/_next/static/chunks/0wg0_next_dist_070.zfl._.js:2431
[ 1455180ms] [LOG] [Fast Refresh] done in 212ms @ http://localhost:3000/_next/static/chunks/0wg0_next_dist_070.zfl._.js:2431
[ 1455291ms] [LOG] [Fast Refresh] rebuilding @ http://localhost:3000/_next/static/chunks/0wg0_next_dist_070.zfl._.js:2431
[ 1455430ms] [LOG] [Fast Refresh] done in 240ms @ http://localhost:3000/_next/static/chunks/0wg0_next_dist_070.zfl._.js:2431
[ 1471060ms] [LOG] [Fast Refresh] rebuilding @ http://localhost:3000/_next/static/chunks/0wg0_next_dist_070.zfl._.js:2431
[ 1471095ms] [LOG] [Fast Refresh] done in 27ms @ http://localhost:3000/_next/static/chunks/0wg0_next_dist_070.zfl._.js:2431
[ 1548607ms] [LOG] [Fast Refresh] rebuilding @ http://localhost:3000/_next/static/chunks/0wg0_next_dist_070.zfl._.js:2431
[ 1548637ms] [LOG] [Fast Refresh] done in 94ms @ http://localhost:3000/_next/static/chunks/0wg0_next_dist_070.zfl._.js:2431
[ 1588887ms] [LOG] [Fast Refresh] rebuilding @ http://localhost:3000/_next/static/chunks/0wg0_next_dist_070.zfl._.js:2431
[ 1589184ms] [LOG] [Fast Refresh] done in 398ms @ http://localhost:3000/_next/static/chunks/0wg0_next_dist_070.zfl._.js:2431
[ 2278515ms] [LOG] [Fast Refresh] rebuilding @ http://localhost:3000/_next/static/chunks/0wg0_next_dist_070.zfl._.js:2431
[ 2278797ms] [ERROR] ./Verde_web-v2/app/page.tsx:11:1
Module not found: Can't resolve '@/components/CategoryBar'
   9 | import ClosedState from "@/components/ClosedState";
  10 | import Packs from "@/components/Packs";
> 11 | import CategoryBar from "@/components/CategoryBar";
     | ^^^^^^^^^^^^^^^^^^^^^^^^^^^^^^^^^^^^^^^^^^^^^^^^^^^
  12 | import ZoneMap from "@/components/ZoneMap";
  13 | import FloatingCart from "@/components/FloatingCart";
  14 | import type { Product } from "@/lib/products";

Import map: aliased to relative './components/CategoryBar' inside of [project]/Verde_web-v2

https://nextjs.org/docs/messages/module-not-found @ http://localhost:3000/_next/static/chunks/0wg0_next_dist_070.zfl._.js:3272
[ 2278797ms] [ERROR] ./Verde_web-v2/app/page.tsx:13:1
Module not found: Can't resolve '@/components/FloatingCart'
  11 | import CategoryBar from "@/components/CategoryBar";
  12 | import ZoneMap from "@/components/ZoneMap";
> 13 | import FloatingCart from "@/components/FloatingCart";
     | ^^^^^^^^^^^^^^^^^^^^^^^^^^^^^^^^^^^^^^^^^^^^^^^^^^^^^
  14 | import type { Product } from "@/lib/products";
  15 |
  16 | export const dynamic = "force-dynamic";

Import map: aliased to relative './components/FloatingCart' inside of [project]/Verde_web-v2

https://nextjs.org/docs/messages/module-not-found @ http://localhost:3000/_next/static/chunks/0wg0_next_dist_070.zfl._.js:3272
[ 2278798ms] [ERROR] ./Verde_web-v2/app/page.tsx:12:1
Module not found: Can't resolve '@/components/ZoneMap'
  10 | import Packs from "@/components/Packs";
  11 | import CategoryBar from "@/components/CategoryBar";
> 12 | import ZoneMap from "@/components/ZoneMap";
     | ^^^^^^^^^^^^^^^^^^^^^^^^^^^^^^^^^^^^^^^^^^^
  13 | import FloatingCart from "@/components/FloatingCart";
  14 | import type { Product } from "@/lib/products";
  15 |

Import map: aliased to relative './components/ZoneMap' inside of [project]/Verde_web-v2

https://nextjs.org/docs/messages/module-not-found @ http://localhost:3000/_next/static/chunks/0wg0_next_dist_070.zfl._.js:3272
[ 2292691ms] [LOG] [Fast Refresh] rebuilding @ http://localhost:3000/_next/static/chunks/0wg0_next_dist_070.zfl._.js:2431
[ 2293229ms] [ERROR] ./Verde_web-v2/app/page.tsx:11:1
Module not found: Can't resolve '@/components/CategoryBar'
   9 | import ClosedState from "@/components/ClosedState";
  10 | import Packs from "@/components/Packs";
> 11 | import CategoryBar from "@/components/CategoryBar";
     | ^^^^^^^^^^^^^^^^^^^^^^^^^^^^^^^^^^^^^^^^^^^^^^^^^^^
  12 | import ZoneMap from "@/components/ZoneMap";
  13 | import FloatingCart from "@/components/FloatingCart";
  14 | import type { Product } from "@/lib/products";

Import map: aliased to relative './components/CategoryBar' inside of [project]/Verde_web-v2

https://nextjs.org/docs/messages/module-not-found @ http://localhost:3000/_next/static/chunks/0wg0_next_dist_070.zfl._.js:3272
[ 2293230ms] [ERROR] ./Verde_web-v2/app/page.tsx:13:1
Module not found: Can't resolve '@/components/FloatingCart'
  11 | import CategoryBar from "@/components/CategoryBar";
  12 | import ZoneMap from "@/components/ZoneMap";
> 13 | import FloatingCart from "@/components/FloatingCart";
     | ^^^^^^^^^^^^^^^^^^^^^^^^^^^^^^^^^^^^^^^^^^^^^^^^^^^^^
  14 | import type { Product } from "@/lib/products";
  15 |
  16 | export const dynamic = "force-dynamic";

Import map: aliased to relative './components/FloatingCart' inside of [project]/Verde_web-v2

https://nextjs.org/docs/messages/module-not-found @ http://localhost:3000/_next/static/chunks/0wg0_next_dist_070.zfl._.js:3272
[ 2293230ms] [ERROR] ./Verde_web-v2/app/page.tsx:12:1
Module not found: Can't resolve '@/components/ZoneMap'
  10 | import Packs from "@/components/Packs";
  11 | import CategoryBar from "@/components/CategoryBar";
> 12 | import ZoneMap from "@/components/ZoneMap";
     | ^^^^^^^^^^^^^^^^^^^^^^^^^^^^^^^^^^^^^^^^^^^
  13 | import FloatingCart from "@/components/FloatingCart";
  14 | import type { Product } from "@/lib/products";
  15 |

Import map: aliased to relative './components/ZoneMap' inside of [project]/Verde_web-v2

https://nextjs.org/docs/messages/module-not-found @ http://localhost:3000/_next/static/chunks/0wg0_next_dist_070.zfl._.js:3272
[ 2301987ms] [LOG] [Fast Refresh] rebuilding @ http://localhost:3000/_next/static/chunks/0wg0_next_dist_070.zfl._.js:2431
[ 2303815ms] [ERROR] ./Verde_web-v2/app/page.tsx:13:1
Module not found: Can't resolve '@/components/FloatingCart'
  11 | import CategoryBar from "@/components/CategoryBar";
  12 | import ZoneMap from "@/components/ZoneMap";
> 13 | import FloatingCart from "@/components/FloatingCart";
     | ^^^^^^^^^^^^^^^^^^^^^^^^^^^^^^^^^^^^^^^^^^^^^^^^^^^^^
  14 | import type { Product } from "@/lib/products";
  15 |
  16 | export const dynamic = "force-dynamic";

Import map: aliased to relative './components/FloatingCart' inside of [project]/Verde_web-v2

https://nextjs.org/docs/messages/module-not-found @ http://localhost:3000/_next/static/chunks/0wg0_next_dist_070.zfl._.js:3272
[ 2303815ms] [ERROR] ./Verde_web-v2/app/page.tsx:12:1
Module not found: Can't resolve '@/components/ZoneMap'
  10 | import Packs from "@/components/Packs";
  11 | import CategoryBar from "@/components/CategoryBar";
> 12 | import ZoneMap from "@/components/ZoneMap";
     | ^^^^^^^^^^^^^^^^^^^^^^^^^^^^^^^^^^^^^^^^^^^
  13 | import FloatingCart from "@/components/FloatingCart";
  14 | import type { Product } from "@/lib/products";
  15 |

Import map: aliased to relative './components/ZoneMap' inside of [project]/Verde_web-v2

https://nextjs.org/docs/messages/module-not-found @ http://localhost:3000/_next/static/chunks/0wg0_next_dist_070.zfl._.js:3272
[ 2304093ms] [ERROR] ./Verde_web-v2/app/page.tsx:13:1
Module not found: Can't resolve '@/components/FloatingCart'
  11 | import CategoryBar from "@/components/CategoryBar";
  12 | import ZoneMap from "@/components/ZoneMap";
> 13 | import FloatingCart from "@/components/FloatingCart";
     | ^^^^^^^^^^^^^^^^^^^^^^^^^^^^^^^^^^^^^^^^^^^^^^^^^^^^^
  14 | import type { Product } from "@/lib/products";
  15 |
  16 | export const dynamic = "force-dynamic";

Import map: aliased to relative './components/FloatingCart' inside of [project]/Verde_web-v2

https://nextjs.org/docs/messages/module-not-found @ http://localhost:3000/_next/static/chunks/0wg0_next_dist_070.zfl._.js:3272
[ 2304093ms] [ERROR] ./Verde_web-v2/app/page.tsx:12:1
Module not found: Can't resolve '@/components/ZoneMap'
  10 | import Packs from "@/components/Packs";
  11 | import CategoryBar from "@/components/CategoryBar";
> 12 | import ZoneMap from "@/components/ZoneMap";
     | ^^^^^^^^^^^^^^^^^^^^^^^^^^^^^^^^^^^^^^^^^^^
  13 | import FloatingCart from "@/components/FloatingCart";
  14 | import type { Product } from "@/lib/products";
  15 |

Import map: aliased to relative './components/ZoneMap' inside of [project]/Verde_web-v2

https://nextjs.org/docs/messages/module-not-found @ http://localhost:3000/_next/static/chunks/0wg0_next_dist_070.zfl._.js:3272
[ 2304200ms] [LOG] [Fast Refresh] rebuilding @ http://localhost:3000/_next/static/chunks/0wg0_next_dist_070.zfl._.js:2431
[ 2304214ms] [ERROR] ./Verde_web-v2/app/page.tsx:13:1
Module not found: Can't resolve '@/components/FloatingCart'
  11 | import CategoryBar from "@/components/CategoryBar";
  12 | import ZoneMap from "@/components/ZoneMap";
> 13 | import FloatingCart from "@/components/FloatingCart";
     | ^^^^^^^^^^^^^^^^^^^^^^^^^^^^^^^^^^^^^^^^^^^^^^^^^^^^^
  14 | import type { Product } from "@/lib/products";
  15 |
  16 | export const dynamic = "force-dynamic";

Import map: aliased to relative './components/FloatingCart' inside of [project]/Verde_web-v2

https://nextjs.org/docs/messages/module-not-found @ http://localhost:3000/_next/static/chunks/0wg0_next_dist_070.zfl._.js:3272
[ 2304215ms] [ERROR] ./Verde_web-v2/app/page.tsx:12:1
Module not found: Can't resolve '@/components/ZoneMap'
  10 | import Packs from "@/components/Packs";
  11 | import CategoryBar from "@/components/CategoryBar";
> 12 | import ZoneMap from "@/components/ZoneMap";
     | ^^^^^^^^^^^^^^^^^^^^^^^^^^^^^^^^^^^^^^^^^^^
  13 | import FloatingCart from "@/components/FloatingCart";
  14 | import type { Product } from "@/lib/products";
  15 |

Import map: aliased to relative './components/ZoneMap' inside of [project]/Verde_web-v2

https://nextjs.org/docs/messages/module-not-found @ http://localhost:3000/_next/static/chunks/0wg0_next_dist_070.zfl._.js:3272
[ 2304220ms] [ERROR] Failed to load resource: the server responded with a status of 500 (Internal Server Error) @ http://localhost:3000/?_rsc=wnywt:0
[ 2304666ms] [ERROR] ./Verde_web-v2/app/page.tsx:13:1
Module not found: Can't resolve '@/components/FloatingCart'
  11 | import CategoryBar from "@/components/CategoryBar";
  12 | import ZoneMap from "@/components/ZoneMap";
> 13 | import FloatingCart from "@/components/FloatingCart";
     | ^^^^^^^^^^^^^^^^^^^^^^^^^^^^^^^^^^^^^^^^^^^^^^^^^^^^^
  14 | import type { Product } from "@/lib/products";
  15 |
  16 | export const dynamic = "force-dynamic";

Import map: aliased to relative './components/FloatingCart' inside of [project]/Verde_web-v2

https://nextjs.org/docs/messages/module-not-found @ http://localhost:3000/_next/static/chunks/0wg0_next_dist_070.zfl._.js:3272
[ 2304667ms] [ERROR] ./Verde_web-v2/app/page.tsx:12:1
Module not found: Can't resolve '@/components/ZoneMap'
  10 | import Packs from "@/components/Packs";
  11 | import CategoryBar from "@/components/CategoryBar";
> 12 | import ZoneMap from "@/components/ZoneMap";
     | ^^^^^^^^^^^^^^^^^^^^^^^^^^^^^^^^^^^^^^^^^^^
  13 | import FloatingCart from "@/components/FloatingCart";
  14 | import type { Product } from "@/lib/products";
  15 |

Import map: aliased to relative './components/ZoneMap' inside of [project]/Verde_web-v2

https://nextjs.org/docs/messages/module-not-found @ http://localhost:3000/_next/static/chunks/0wg0_next_dist_070.zfl._.js:3272
[ 2304673ms] [ERROR] Failed to load resource: the server responded with a status of 500 (Internal Server Error) @ http://localhost:3000/?_rsc=wnywt:0
[ 2304684ms] [LOG] [Fast Refresh] rebuilding @ http://localhost:3000/_next/static/chunks/0wg0_next_dist_070.zfl._.js:2431
[ 2304797ms] [LOG] [Fast Refresh] rebuilding @ http://localhost:3000/_next/static/chunks/0wg0_next_dist_070.zfl._.js:2431
[ 2305220ms] [ERROR] ./Verde_web-v2/app/page.tsx:13:1
Module not found: Can't resolve '@/components/FloatingCart'
  11 | import CategoryBar from "@/components/CategoryBar";
  12 | import ZoneMap from "@/components/ZoneMap";
> 13 | import FloatingCart from "@/components/FloatingCart";
     | ^^^^^^^^^^^^^^^^^^^^^^^^^^^^^^^^^^^^^^^^^^^^^^^^^^^^^
  14 | import type { Product } from "@/lib/products";
  15 |
  16 | export const dynamic = "force-dynamic";

Import map: aliased to relative './components/FloatingCart' inside of [project]/Verde_web-v2

https://nextjs.org/docs/messages/module-not-found @ http://localhost:3000/_next/static/chunks/0wg0_next_dist_070.zfl._.js:3272
[ 2305221ms] [ERROR] ./Verde_web-v2/app/page.tsx:12:1
Module not found: Can't resolve '@/components/ZoneMap'
  10 | import Packs from "@/components/Packs";
  11 | import CategoryBar from "@/components/CategoryBar";
> 12 | import ZoneMap from "@/components/ZoneMap";
     | ^^^^^^^^^^^^^^^^^^^^^^^^^^^^^^^^^^^^^^^^^^^
  13 | import FloatingCart from "@/components/FloatingCart";
  14 | import type { Product } from "@/lib/products";
  15 |

Import map: aliased to relative './components/ZoneMap' inside of [project]/Verde_web-v2

https://nextjs.org/docs/messages/module-not-found @ http://localhost:3000/_next/static/chunks/0wg0_next_dist_070.zfl._.js:3272
[ 2305285ms] [ERROR] ./Verde_web-v2/app/page.tsx:13:1
Module not found: Can't resolve '@/components/FloatingCart'
  11 | import CategoryBar from "@/components/CategoryBar";
  12 | import ZoneMap from "@/components/ZoneMap";
> 13 | import FloatingCart from "@/components/FloatingCart";
     | ^^^^^^^^^^^^^^^^^^^^^^^^^^^^^^^^^^^^^^^^^^^^^^^^^^^^^
  14 | import type { Product } from "@/lib/products";
  15 |
  16 | export const dynamic = "force-dynamic";

Import map: aliased to relative './components/FloatingCart' inside of [project]/Verde_web-v2

https://nextjs.org/docs/messages/module-not-found @ http://localhost:3000/_next/static/chunks/0wg0_next_dist_070.zfl._.js:3272
[ 2305286ms] [ERROR] ./Verde_web-v2/app/page.tsx:12:1
Module not found: Can't resolve '@/components/ZoneMap'
  10 | import Packs from "@/components/Packs";
  11 | import CategoryBar from "@/components/CategoryBar";
> 12 | import ZoneMap from "@/components/ZoneMap";
     | ^^^^^^^^^^^^^^^^^^^^^^^^^^^^^^^^^^^^^^^^^^^
  13 | import FloatingCart from "@/components/FloatingCart";
  14 | import type { Product } from "@/lib/products";
  15 |

Import map: aliased to relative './components/ZoneMap' inside of [project]/Verde_web-v2

https://nextjs.org/docs/messages/module-not-found @ http://localhost:3000/_next/static/chunks/0wg0_next_dist_070.zfl._.js:3272
[ 2305327ms] [LOG] [Fast Refresh] rebuilding @ http://localhost:3000/_next/static/chunks/0wg0_next_dist_070.zfl._.js:2431
[ 2306652ms] [ERROR] ./Verde_web-v2/app/page.tsx:13:1
Module not found: Can't resolve '@/components/FloatingCart'
  11 | import CategoryBar from "@/components/CategoryBar";
  12 | import ZoneMap from "@/components/ZoneMap";
> 13 | import FloatingCart from "@/components/FloatingCart";
     | ^^^^^^^^^^^^^^^^^^^^^^^^^^^^^^^^^^^^^^^^^^^^^^^^^^^^^
  14 | import type { Product } from "@/lib/products";
  15 |
  16 | export const dynamic = "force-dynamic";

Import map: aliased to relative './components/FloatingCart' inside of [project]/Verde_web-v2

https://nextjs.org/docs/messages/module-not-found @ http://localhost:3000/_next/static/chunks/0wg0_next_dist_070.zfl._.js:3272
[ 2306653ms] [ERROR] ./Verde_web-v2/app/page.tsx:12:1
Module not found: Can't resolve '@/components/ZoneMap'
  10 | import Packs from "@/components/Packs";
  11 | import CategoryBar from "@/components/CategoryBar";
> 12 | import ZoneMap from "@/components/ZoneMap";
     | ^^^^^^^^^^^^^^^^^^^^^^^^^^^^^^^^^^^^^^^^^^^
  13 | import FloatingCart from "@/components/FloatingCart";
  14 | import type { Product } from "@/lib/products";
  15 |

Import map: aliased to relative './components/ZoneMap' inside of [project]/Verde_web-v2

https://nextjs.org/docs/messages/module-not-found @ http://localhost:3000/_next/static/chunks/0wg0_next_dist_070.zfl._.js:3272
[ 2306663ms] [ERROR] ./Verde_web-v2/app/page.tsx:13:1
Module not found: Can't resolve '@/components/FloatingCart'
  11 | import CategoryBar from "@/components/CategoryBar";
  12 | import ZoneMap from "@/components/ZoneMap";
> 13 | import FloatingCart from "@/components/FloatingCart";
     | ^^^^^^^^^^^^^^^^^^^^^^^^^^^^^^^^^^^^^^^^^^^^^^^^^^^^^
  14 | import type { Product } from "@/lib/products";
  15 |
  16 | export const dynamic = "force-dynamic";

Import map: aliased to relative './components/FloatingCart' inside of [project]/Verde_web-v2

https://nextjs.org/docs/messages/module-not-found @ http://localhost:3000/_next/static/chunks/0wg0_next_dist_070.zfl._.js:3272
[ 2306663ms] [ERROR] ./Verde_web-v2/app/page.tsx:12:1
Module not found: Can't resolve '@/components/ZoneMap'
  10 | import Packs from "@/components/Packs";
  11 | import CategoryBar from "@/components/CategoryBar";
> 12 | import ZoneMap from "@/components/ZoneMap";
     | ^^^^^^^^^^^^^^^^^^^^^^^^^^^^^^^^^^^^^^^^^^^
  13 | import FloatingCart from "@/components/FloatingCart";
  14 | import type { Product } from "@/lib/products";
  15 |

Import map: aliased to relative './components/ZoneMap' inside of [project]/Verde_web-v2

https://nextjs.org/docs/messages/module-not-found @ http://localhost:3000/_next/static/chunks/0wg0_next_dist_070.zfl._.js:3272
[ 2306756ms] [LOG] [Fast Refresh] rebuilding @ http://localhost:3000/_next/static/chunks/0wg0_next_dist_070.zfl._.js:2431
[ 2306955ms] [ERROR] Failed to load resource: the server responded with a status of 500 (Internal Server Error) @ http://localhost:3000/?_rsc=wnywt:0
[ 2307126ms] [ERROR] ./Verde_web-v2/app/page.tsx:13:1
Module not found: Can't resolve '@/components/FloatingCart'
  11 | import CategoryBar from "@/components/CategoryBar";
  12 | import ZoneMap from "@/components/ZoneMap";
> 13 | import FloatingCart from "@/components/FloatingCart";
     | ^^^^^^^^^^^^^^^^^^^^^^^^^^^^^^^^^^^^^^^^^^^^^^^^^^^^^
  14 | import type { Product } from "@/lib/products";
  15 |
  16 | export const dynamic = "force-dynamic";

Import map: aliased to relative './components/FloatingCart' inside of [project]/Verde_web-v2

https://nextjs.org/docs/messages/module-not-found @ http://localhost:3000/_next/static/chunks/0wg0_next_dist_070.zfl._.js:3272
[ 2307127ms] [ERROR] ./Verde_web-v2/app/page.tsx:12:1
Module not found: Can't resolve '@/components/ZoneMap'
  10 | import Packs from "@/components/Packs";
  11 | import CategoryBar from "@/components/CategoryBar";
> 12 | import ZoneMap from "@/components/ZoneMap";
     | ^^^^^^^^^^^^^^^^^^^^^^^^^^^^^^^^^^^^^^^^^^^
  13 | import FloatingCart from "@/components/FloatingCart";
  14 | import type { Product } from "@/lib/products";
  15 |

Import map: aliased to relative './components/ZoneMap' inside of [project]/Verde_web-v2

https://nextjs.org/docs/messages/module-not-found @ http://localhost:3000/_next/static/chunks/0wg0_next_dist_070.zfl._.js:3272
[ 2307219ms] [ERROR] ./Verde_web-v2/app/page.tsx:13:1
Module not found: Can't resolve '@/components/FloatingCart'
  11 | import CategoryBar from "@/components/CategoryBar";
  12 | import ZoneMap from "@/components/ZoneMap";
> 13 | import FloatingCart from "@/components/FloatingCart";
     | ^^^^^^^^^^^^^^^^^^^^^^^^^^^^^^^^^^^^^^^^^^^^^^^^^^^^^
  14 | import type { Product } from "@/lib/products";
  15 |
  16 | export const dynamic = "force-dynamic";

Import map: aliased to relative './components/FloatingCart' inside of [project]/Verde_web-v2

https://nextjs.org/docs/messages/module-not-found @ http://localhost:3000/_next/static/chunks/0wg0_next_dist_070.zfl._.js:3272
[ 2307220ms] [ERROR] ./Verde_web-v2/app/page.tsx:12:1
Module not found: Can't resolve '@/components/ZoneMap'
  10 | import Packs from "@/components/Packs";
  11 | import CategoryBar from "@/components/CategoryBar";
> 12 | import ZoneMap from "@/components/ZoneMap";
     | ^^^^^^^^^^^^^^^^^^^^^^^^^^^^^^^^^^^^^^^^^^^
  13 | import FloatingCart from "@/components/FloatingCart";
  14 | import type { Product } from "@/lib/products";
  15 |

Import map: aliased to relative './components/ZoneMap' inside of [project]/Verde_web-v2

https://nextjs.org/docs/messages/module-not-found @ http://localhost:3000/_next/static/chunks/0wg0_next_dist_070.zfl._.js:3272
[ 2307301ms] [ERROR] ./Verde_web-v2/app/page.tsx:13:1
Module not found: Can't resolve '@/components/FloatingCart'
  11 | import CategoryBar from "@/components/CategoryBar";
  12 | import ZoneMap from "@/components/ZoneMap";
> 13 | import FloatingCart from "@/components/FloatingCart";
     | ^^^^^^^^^^^^^^^^^^^^^^^^^^^^^^^^^^^^^^^^^^^^^^^^^^^^^
  14 | import type { Product } from "@/lib/products";
  15 |
  16 | export const dynamic = "force-dynamic";

Import map: aliased to relative './components/FloatingCart' inside of [project]/Verde_web-v2

https://nextjs.org/docs/messages/module-not-found @ http://localhost:3000/_next/static/chunks/0wg0_next_dist_070.zfl._.js:3272
[ 2307301ms] [ERROR] ./Verde_web-v2/app/page.tsx:12:1
Module not found: Can't resolve '@/components/ZoneMap'
  10 | import Packs from "@/components/Packs";
  11 | import CategoryBar from "@/components/CategoryBar";
> 12 | import ZoneMap from "@/components/ZoneMap";
     | ^^^^^^^^^^^^^^^^^^^^^^^^^^^^^^^^^^^^^^^^^^^
  13 | import FloatingCart from "@/components/FloatingCart";
  14 | import type { Product } from "@/lib/products";
  15 |

Import map: aliased to relative './components/ZoneMap' inside of [project]/Verde_web-v2

https://nextjs.org/docs/messages/module-not-found @ http://localhost:3000/_next/static/chunks/0wg0_next_dist_070.zfl._.js:3272
[ 2307332ms] [LOG] [Fast Refresh] rebuilding @ http://localhost:3000/_next/static/chunks/0wg0_next_dist_070.zfl._.js:2431
[ 2307453ms] [ERROR] Failed to load resource: the server responded with a status of 500 (Internal Server Error) @ http://localhost:3000/:0
[ 2307872ms] [INFO] %cDownload the React DevTools for a better development experience: https://reactjs.org/link/react-devtools font-weight:bold @ http://localhost:3000/_next/static/chunks/0wg0_react-dom_cjs_react-dom_development_0u39s2c.js:25055
[ 2307918ms] Error: ./Verde_web-v2/app/page.tsx:13:1
Module not found: Can't resolve '@/components/FloatingCart'
  11 | import CategoryBar from "@/components/CategoryBar";
  12 | import ZoneMap from "@/components/ZoneMap";
> 13 | import FloatingCart from "@/components/FloatingCart";
     | ^^^^^^^^^^^^^^^^^^^^^^^^^^^^^^^^^^^^^^^^^^^^^^^^^^^^^
  14 | import type { Product } from "@/lib/products";
  15 |
  16 | export const dynamic = "force-dynamic";

Import map: aliased to relative './components/FloatingCart' inside of [project]/Verde_web-v2


https://nextjs.org/docs/messages/module-not-found


    at <unknown> (Error: ./Verde_web-v2/app/page.tsx:13:1)
    at <unknown> (https://nextjs.org/docs/messages/module-not-found)
    at Object.getCompilationErrors (file:///Users/amose/Verde_web-v2/node_modules/next/dist/server/dev/hot-reloader-turbopack.js:1186:59)
    at DevBundlerService.getCompilationError (file:///Users/amose/Verde_web-v2/node_modules/next/dist/server/lib/dev-bundler-service.js:44:55)
    at DevServer.getCompilationError (file:///Users/amose/Verde_web-v2/node_modules/next/dist/server/dev/next-dev-server.js:719:42)
    at DevServer.findPageComponents (file:///Users/amose/Verde_web-v2/node_modules/next/dist/server/dev/next-dev-server.js:689:43)
    at async DevServer.renderErrorToResponseImpl (file:///Users/amose/Verde_web-v2/node_modules/next/dist/server/base-server.js:1745:26)
[ 2307998ms] [LOG] [HMR] connected @ http://localhost:3000/_next/static/chunks/0wg0_next_dist_0w8ga08._.js:1226
[ 2308061ms] [ERROR] ./Verde_web-v2/app/page.tsx:13:1
Module not found: Can't resolve '@/components/FloatingCart'
  11 | import CategoryBar from "@/components/CategoryBar";
  12 | import ZoneMap from "@/components/ZoneMap";
> 13 | import FloatingCart from "@/components/FloatingCart";
     | ^^^^^^^^^^^^^^^^^^^^^^^^^^^^^^^^^^^^^^^^^^^^^^^^^^^^^
  14 | import type { Product } from "@/lib/products";
  15 |
  16 | export const dynamic = "force-dynamic";

Import map: aliased to relative './components/FloatingCart' inside of [project]/Verde_web-v2

https://nextjs.org/docs/messages/module-not-found @ http://localhost:3000/_next/static/chunks/0wg0_next_dist_0w8ga08._.js:1945
[ 2308061ms] [ERROR] ./Verde_web-v2/app/page.tsx:12:1
Module not found: Can't resolve '@/components/ZoneMap'
  10 | import Packs from "@/components/Packs";
  11 | import CategoryBar from "@/components/CategoryBar";
> 12 | import ZoneMap from "@/components/ZoneMap";
     | ^^^^^^^^^^^^^^^^^^^^^^^^^^^^^^^^^^^^^^^^^^^
  13 | import FloatingCart from "@/components/FloatingCart";
  14 | import type { Product } from "@/lib/products";
  15 |

Import map: aliased to relative './components/ZoneMap' inside of [project]/Verde_web-v2

https://nextjs.org/docs/messages/module-not-found @ http://localhost:3000/_next/static/chunks/0wg0_next_dist_0w8ga08._.js:1945
[ 2308149ms] [ERROR] ./Verde_web-v2/app/page.tsx:13:1
Module not found: Can't resolve '@/components/FloatingCart'
  11 | import CategoryBar from "@/components/CategoryBar";
  12 | import ZoneMap from "@/components/ZoneMap";
> 13 | import FloatingCart from "@/components/FloatingCart";
     | ^^^^^^^^^^^^^^^^^^^^^^^^^^^^^^^^^^^^^^^^^^^^^^^^^^^^^
  14 | import type { Product } from "@/lib/products";
  15 |
  16 | export const dynamic = "force-dynamic";

Import map: aliased to relative './components/FloatingCart' inside of [project]/Verde_web-v2

https://nextjs.org/docs/messages/module-not-found @ http://localhost:3000/_next/static/chunks/0wg0_next_dist_0w8ga08._.js:1945
[ 2308149ms] [ERROR] ./Verde_web-v2/app/page.tsx:12:1
Module not found: Can't resolve '@/components/ZoneMap'
  10 | import Packs from "@/components/Packs";
  11 | import CategoryBar from "@/components/CategoryBar";
> 12 | import ZoneMap from "@/components/ZoneMap";
     | ^^^^^^^^^^^^^^^^^^^^^^^^^^^^^^^^^^^^^^^^^^^
  13 | import FloatingCart from "@/components/FloatingCart";
  14 | import type { Product } from "@/lib/products";
  15 |

Import map: aliased to relative './components/ZoneMap' inside of [project]/Verde_web-v2

https://nextjs.org/docs/messages/module-not-found @ http://localhost:3000/_next/static/chunks/0wg0_next_dist_0w8ga08._.js:1945
[ 2308197ms] [ERROR] ./Verde_web-v2/app/page.tsx:13:1
Module not found: Can't resolve '@/components/FloatingCart'
  11 | import CategoryBar from "@/components/CategoryBar";
  12 | import ZoneMap from "@/components/ZoneMap";
> 13 | import FloatingCart from "@/components/FloatingCart";
     | ^^^^^^^^^^^^^^^^^^^^^^^^^^^^^^^^^^^^^^^^^^^^^^^^^^^^^
  14 | import type { Product } from "@/lib/products";
  15 |
  16 | export const dynamic = "force-dynamic";

Import map: aliased to relative './components/FloatingCart' inside of [project]/Verde_web-v2

https://nextjs.org/docs/messages/module-not-found @ http://localhost:3000/_next/static/chunks/0wg0_next_dist_0w8ga08._.js:1945
[ 2308197ms] [ERROR] ./Verde_web-v2/app/page.tsx:12:1
Module not found: Can't resolve '@/components/ZoneMap'
  10 | import Packs from "@/components/Packs";
  11 | import CategoryBar from "@/components/CategoryBar";
> 12 | import ZoneMap from "@/components/ZoneMap";
     | ^^^^^^^^^^^^^^^^^^^^^^^^^^^^^^^^^^^^^^^^^^^
  13 | import FloatingCart from "@/components/FloatingCart";
  14 | import type { Product } from "@/lib/products";
  15 |

Import map: aliased to relative './components/ZoneMap' inside of [project]/Verde_web-v2

https://nextjs.org/docs/messages/module-not-found @ http://localhost:3000/_next/static/chunks/0wg0_next_dist_0w8ga08._.js:1945
[ 2308224ms] [LOG] [Fast Refresh] rebuilding @ http://localhost:3000/_next/static/chunks/0wg0_next_dist_0w8ga08._.js:1226
[ 2308319ms] [ERROR] ./Verde_web-v2/app/page.tsx:13:1
Module not found: Can't resolve '@/components/FloatingCart'
  11 | import CategoryBar from "@/components/CategoryBar";
  12 | import ZoneMap from "@/components/ZoneMap";
> 13 | import FloatingCart from "@/components/FloatingCart";
     | ^^^^^^^^^^^^^^^^^^^^^^^^^^^^^^^^^^^^^^^^^^^^^^^^^^^^^
  14 | import type { Product } from "@/lib/products";
  15 |
  16 | export const dynamic = "force-dynamic";

Import map: aliased to relative './components/FloatingCart' inside of [project]/Verde_web-v2

https://nextjs.org/docs/messages/module-not-found @ http://localhost:3000/_next/static/chunks/0wg0_next_dist_0w8ga08._.js:1945
[ 2308319ms] [ERROR] ./Verde_web-v2/app/page.tsx:12:1
Module not found: Can't resolve '@/components/ZoneMap'
  10 | import Packs from "@/components/Packs";
  11 | import CategoryBar from "@/components/CategoryBar";
> 12 | import ZoneMap from "@/components/ZoneMap";
     | ^^^^^^^^^^^^^^^^^^^^^^^^^^^^^^^^^^^^^^^^^^^
  13 | import FloatingCart from "@/components/FloatingCart";
  14 | import type { Product } from "@/lib/products";
  15 |

Import map: aliased to relative './components/ZoneMap' inside of [project]/Verde_web-v2

https://nextjs.org/docs/messages/module-not-found @ http://localhost:3000/_next/static/chunks/0wg0_next_dist_0w8ga08._.js:1945
[ 2308405ms] [LOG] [Fast Refresh] rebuilding @ http://localhost:3000/_next/static/chunks/0wg0_next_dist_0w8ga08._.js:1226
[ 2338089ms] [LOG] [Fast Refresh] rebuilding @ http://localhost:3000/_next/static/chunks/0wg0_next_dist_0w8ga08._.js:1226
[ 2338590ms] [ERROR] ./Verde_web-v2/app/page.tsx:13:1
Module not found: Can't resolve '@/components/FloatingCart'
  11 | import CategoryBar from "@/components/CategoryBar";
  12 | import ZoneMap from "@/components/ZoneMap";
> 13 | import FloatingCart from "@/components/FloatingCart";
     | ^^^^^^^^^^^^^^^^^^^^^^^^^^^^^^^^^^^^^^^^^^^^^^^^^^^^^
  14 | import type { Product } from "@/lib/products";
  15 |
  16 | export const dynamic = "force-dynamic";

Import map: aliased to relative './components/FloatingCart' inside of [project]/Verde_web-v2

https://nextjs.org/docs/messages/module-not-found @ http://localhost:3000/_next/static/chunks/0wg0_next_dist_0w8ga08._.js:1945
[ 2338698ms] [LOG] [Fast Refresh] rebuilding @ http://localhost:3000/_next/static/chunks/0wg0_next_dist_0w8ga08._.js:1226
[ 2338757ms] [ERROR] ./Verde_web-v2/app/page.tsx:13:1
Module not found: Can't resolve '@/components/FloatingCart'
  11 | import CategoryBar from "@/components/CategoryBar";
  12 | import ZoneMap from "@/components/ZoneMap";
> 13 | import FloatingCart from "@/components/FloatingCart";
     | ^^^^^^^^^^^^^^^^^^^^^^^^^^^^^^^^^^^^^^^^^^^^^^^^^^^^^
  14 | import type { Product } from "@/lib/products";
  15 |
  16 | export const dynamic = "force-dynamic";

Import map: aliased to relative './components/FloatingCart' inside of [project]/Verde_web-v2

https://nextjs.org/docs/messages/module-not-found @ http://localhost:3000/_next/static/chunks/0wg0_next_dist_0w8ga08._.js:1945
[ 2338940ms] [LOG] [Fast Refresh] rebuilding @ http://localhost:3000/_next/static/chunks/0wg0_next_dist_0w8ga08._.js:1226
[ 2339067ms] [ERROR] ./Verde_web-v2/app/page.tsx:13:1
Module not found: Can't resolve '@/components/FloatingCart'
  11 | import CategoryBar from "@/components/CategoryBar";
  12 | import ZoneMap from "@/components/ZoneMap";
> 13 | import FloatingCart from "@/components/FloatingCart";
     | ^^^^^^^^^^^^^^^^^^^^^^^^^^^^^^^^^^^^^^^^^^^^^^^^^^^^^
  14 | import type { Product } from "@/lib/products";
  15 |
  16 | export const dynamic = "force-dynamic";

Import map: aliased to relative './components/FloatingCart' inside of [project]/Verde_web-v2

https://nextjs.org/docs/messages/module-not-found @ http://localhost:3000/_next/static/chunks/0wg0_next_dist_0w8ga08._.js:1945
[ 2339204ms] [ERROR] ./Verde_web-v2/app/page.tsx:13:1
Module not found: Can't resolve '@/components/FloatingCart'
  11 | import CategoryBar from "@/components/CategoryBar";
  12 | import ZoneMap from "@/components/ZoneMap";
> 13 | import FloatingCart from "@/components/FloatingCart";
     | ^^^^^^^^^^^^^^^^^^^^^^^^^^^^^^^^^^^^^^^^^^^^^^^^^^^^^
  14 | import type { Product } from "@/lib/products";
  15 |
  16 | export const dynamic = "force-dynamic";

Import map: aliased to relative './components/FloatingCart' inside of [project]/Verde_web-v2

https://nextjs.org/docs/messages/module-not-found @ http://localhost:3000/_next/static/chunks/0wg0_next_dist_0w8ga08._.js:1945
[ 2339318ms] [LOG] [Fast Refresh] rebuilding @ http://localhost:3000/_next/static/chunks/0wg0_next_dist_0w8ga08._.js:1226
[ 2339520ms] [ERROR] ./Verde_web-v2/app/page.tsx:13:1
Module not found: Can't resolve '@/components/FloatingCart'
  11 | import CategoryBar from "@/components/CategoryBar";
  12 | import ZoneMap from "@/components/ZoneMap";
> 13 | import FloatingCart from "@/components/FloatingCart";
     | ^^^^^^^^^^^^^^^^^^^^^^^^^^^^^^^^^^^^^^^^^^^^^^^^^^^^^
  14 | import type { Product } from "@/lib/products";
  15 |
  16 | export const dynamic = "force-dynamic";

Import map: aliased to relative './components/FloatingCart' inside of [project]/Verde_web-v2

https://nextjs.org/docs/messages/module-not-found @ http://localhost:3000/_next/static/chunks/0wg0_next_dist_0w8ga08._.js:1945
[ 2339690ms] [ERROR] ./Verde_web-v2/app/page.tsx:13:1
Module not found: Can't resolve '@/components/FloatingCart'
  11 | import CategoryBar from "@/components/CategoryBar";
  12 | import ZoneMap from "@/components/ZoneMap";
> 13 | import FloatingCart from "@/components/FloatingCart";
     | ^^^^^^^^^^^^^^^^^^^^^^^^^^^^^^^^^^^^^^^^^^^^^^^^^^^^^
  14 | import type { Product } from "@/lib/products";
  15 |
  16 | export const dynamic = "force-dynamic";

Import map: aliased to relative './components/FloatingCart' inside of [project]/Verde_web-v2

https://nextjs.org/docs/messages/module-not-found @ http://localhost:3000/_next/static/chunks/0wg0_next_dist_0w8ga08._.js:1945
[ 2339791ms] [ERROR] ./Verde_web-v2/app/page.tsx:13:1
Module not found: Can't resolve '@/components/FloatingCart'
  11 | import CategoryBar from "@/components/CategoryBar";
  12 | import ZoneMap from "@/components/ZoneMap";
> 13 | import FloatingCart from "@/components/FloatingCart";
     | ^^^^^^^^^^^^^^^^^^^^^^^^^^^^^^^^^^^^^^^^^^^^^^^^^^^^^
  14 | import type { Product } from "@/lib/products";
  15 |
  16 | export const dynamic = "force-dynamic";

Import map: aliased to relative './components/FloatingCart' inside of [project]/Verde_web-v2

https://nextjs.org/docs/messages/module-not-found @ http://localhost:3000/_next/static/chunks/0wg0_next_dist_0w8ga08._.js:1945
[ 2339803ms] [ERROR] Failed to load resource: the server responded with a status of 500 (Internal Server Error) @ http://localhost:3000/:0
[ 2340244ms] [INFO] %cDownload the React DevTools for a better development experience: https://reactjs.org/link/react-devtools font-weight:bold @ http://localhost:3000/_next/static/chunks/0wg0_react-dom_cjs_react-dom_development_0u39s2c.js:25055
[ 2340321ms] Error: ./Verde_web-v2/app/page.tsx:13:1
Module not found: Can't resolve '@/components/FloatingCart'
  11 | import CategoryBar from "@/components/CategoryBar";
  12 | import ZoneMap from "@/components/ZoneMap";
> 13 | import FloatingCart from "@/components/FloatingCart";
     | ^^^^^^^^^^^^^^^^^^^^^^^^^^^^^^^^^^^^^^^^^^^^^^^^^^^^^
  14 | import type { Product } from "@/lib/products";
  15 |
  16 | export const dynamic = "force-dynamic";

Import map: aliased to relative './components/FloatingCart' inside of [project]/Verde_web-v2


https://nextjs.org/docs/messages/module-not-found


    at <unknown> (Error: ./Verde_web-v2/app/page.tsx:13:1)
    at <unknown> (https://nextjs.org/docs/messages/module-not-found)
    at Object.getCompilationErrors (file:///Users/amose/Verde_web-v2/node_modules/next/dist/server/dev/hot-reloader-turbopack.js:1186:59)
    at DevBundlerService.getCompilationError (file:///Users/amose/Verde_web-v2/node_modules/next/dist/server/lib/dev-bundler-service.js:44:55)
    at DevServer.getCompilationError (file:///Users/amose/Verde_web-v2/node_modules/next/dist/server/dev/next-dev-server.js:719:42)
    at DevServer.findPageComponents (file:///Users/amose/Verde_web-v2/node_modules/next/dist/server/dev/next-dev-server.js:689:43)
    at async DevServer.renderErrorToResponseImpl (file:///Users/amose/Verde_web-v2/node_modules/next/dist/server/base-server.js:1745:26)
[ 2340267ms] [LOG] [HMR] connected @ http://localhost:3000/_next/static/chunks/0wg0_next_dist_0w8ga08._.js:1226
[ 2340380ms] [ERROR] ./Verde_web-v2/app/page.tsx:13:1
Module not found: Can't resolve '@/components/FloatingCart'
  11 | import CategoryBar from "@/components/CategoryBar";
  12 | import ZoneMap from "@/components/ZoneMap";
> 13 | import FloatingCart from "@/components/FloatingCart";
     | ^^^^^^^^^^^^^^^^^^^^^^^^^^^^^^^^^^^^^^^^^^^^^^^^^^^^^
  14 | import type { Product } from "@/lib/products";
  15 |
  16 | export const dynamic = "force-dynamic";

Import map: aliased to relative './components/FloatingCart' inside of [project]/Verde_web-v2

https://nextjs.org/docs/messages/module-not-found @ http://localhost:3000/_next/static/chunks/0wg0_next_dist_0w8ga08._.js:1945
[ 2340415ms] [ERROR] ./Verde_web-v2/app/page.tsx:13:1
Module not found: Can't resolve '@/components/FloatingCart'
  11 | import CategoryBar from "@/components/CategoryBar";
  12 | import ZoneMap from "@/components/ZoneMap";
> 13 | import FloatingCart from "@/components/FloatingCart";
     | ^^^^^^^^^^^^^^^^^^^^^^^^^^^^^^^^^^^^^^^^^^^^^^^^^^^^^
  14 | import type { Product } from "@/lib/products";
  15 |
  16 | export const dynamic = "force-dynamic";

Import map: aliased to relative './components/FloatingCart' inside of [project]/Verde_web-v2

https://nextjs.org/docs/messages/module-not-found @ http://localhost:3000/_next/static/chunks/0wg0_next_dist_0w8ga08._.js:1945
[ 2340511ms] [LOG] [Fast Refresh] rebuilding @ http://localhost:3000/_next/static/chunks/0wg0_next_dist_0w8ga08._.js:1226
[ 2340514ms] [ERROR] ./Verde_web-v2/app/page.tsx:13:1
Module not found: Can't resolve '@/components/FloatingCart'
  11 | import CategoryBar from "@/components/CategoryBar";
  12 | import ZoneMap from "@/components/ZoneMap";
> 13 | import FloatingCart from "@/components/FloatingCart";
     | ^^^^^^^^^^^^^^^^^^^^^^^^^^^^^^^^^^^^^^^^^^^^^^^^^^^^^
  14 | import type { Product } from "@/lib/products";
  15 |
  16 | export const dynamic = "force-dynamic";

Import map: aliased to relative './components/FloatingCart' inside of [project]/Verde_web-v2

https://nextjs.org/docs/messages/module-not-found @ http://localhost:3000/_next/static/chunks/0wg0_next_dist_0w8ga08._.js:1945
[ 2348058ms] [LOG] [Fast Refresh] rebuilding @ http://localhost:3000/_next/static/chunks/0wg0_next_dist_0w8ga08._.js:1226
[ 2356840ms] [LOG] [Fast Refresh] done in 146ms @ http://localhost:3000/_next/static/chunks/0wg0_next_dist_0w8ga08._.js:1226
[ 2357602ms] [LOG] [Fast Refresh] rebuilding @ http://localhost:3000/_next/static/chunks/0wg0_next_dist_0w8ga08._.js:1226
[ 2357652ms] [LOG] [Fast Refresh] done in 151ms @ http://localhost:3000/_next/static/chunks/0wg0_next_dist_0w8ga08._.js:1226
[ 2359974ms] [INFO] %cDownload the React DevTools for a better development experience: https://react.dev/link/react-devtools font-weight:bold @ http://localhost:3000/_next/static/chunks/0wg0_next_dist_070.zfl._.js:2431
[ 2360193ms] [LOG] [HMR] connected @ http://localhost:3000/_next/static/chunks/0wg0_next_dist_070.zfl._.js:2431
[ 2362665ms] [WARNING] Image with src "/verdeart.png" has either width or height modified, but not the other. If you use CSS to change the size of your image, also include the styles 'width: "auto"' or 'height: "auto"' to maintain the aspect ratio. @ http://localhost:3000/_next/static/chunks/0wg0_next_dist_070.zfl._.js:2431
[ 2363488ms] [LOG] [Fast Refresh] rebuilding @ http://localhost:3000/_next/static/chunks/0wg0_next_dist_070.zfl._.js:2431
[ 2369270ms] [ERROR] Failed to load resource: the server responded with a status of 500 (Internal Server Error) @ http://localhost:3000/api/promotion:0
[ 2369323ms] [LOG] [Fast Refresh] done in 5936ms @ http://localhost:3000/_next/static/chunks/0wg0_next_dist_070.zfl._.js:2431
[ 2400557ms] [LOG] [Fast Refresh] rebuilding @ http://localhost:3000/_next/static/chunks/0wg0_next_dist_070.zfl._.js:2431
[ 2402156ms] [LOG] [Fast Refresh] done in 1702ms @ http://localhost:3000/_next/static/chunks/0wg0_next_dist_070.zfl._.js:2431
[ 2407100ms] [LOG] [Fast Refresh] rebuilding @ http://localhost:3000/_next/static/chunks/0wg0_next_dist_070.zfl._.js:2431
[ 2407116ms] [LOG] [Fast Refresh] done in 118ms @ http://localhost:3000/_next/static/chunks/0wg0_next_dist_070.zfl._.js:2431
[ 2489544ms] [LOG] [HMR] connected @ http://localhost:3000/_next/static/chunks/0wg0_next_dist_070.zfl._.js:2431
[ 2490479ms] [LOG] [Fast Refresh] rebuilding @ http://localhost:3000/_next/static/chunks/0wg0_next_dist_070.zfl._.js:2431
[ 2491380ms] [LOG] [Fast Refresh] done in 1002ms @ http://localhost:3000/_next/static/chunks/0wg0_next_dist_070.zfl._.js:2431
[ 2842613ms] [LOG] [Fast Refresh] rebuilding @ http://localhost:3000/_next/static/chunks/0wg0_next_dist_070.zfl._.js:2431
[ 2844626ms] [LOG] [Fast Refresh] done in 2118ms @ http://localhost:3000/_next/static/chunks/0wg0_next_dist_070.zfl._.js:2431
[ 3007382ms] [LOG] [Fast Refresh] rebuilding @ http://localhost:3000/_next/static/chunks/0wg0_next_dist_070.zfl._.js:2431
[ 3007499ms] [LOG] [Fast Refresh] done in 195ms @ http://localhost:3000/_next/static/chunks/0wg0_next_dist_070.zfl._.js:2431
[ 3007601ms] [LOG] [Fast Refresh] rebuilding @ http://localhost:3000/_next/static/chunks/0wg0_next_dist_070.zfl._.js:2431
[ 3008186ms] [LOG] [Fast Refresh] done in 686ms @ http://localhost:3000/_next/static/chunks/0wg0_next_dist_070.zfl._.js:2431
[ 3008287ms] [LOG] [Fast Refresh] rebuilding @ http://localhost:3000/_next/static/chunks/0wg0_next_dist_070.zfl._.js:2431
[ 3008463ms] [LOG] [Fast Refresh] done in 277ms @ http://localhost:3000/_next/static/chunks/0wg0_next_dist_070.zfl._.js:2431
[ 3008722ms] Error: Event handlers cannot be passed to Client Component props.
  <a href="#packs" className=... style=... onMouseEnter={function onMouseEnter} onMouseLeave=... children=...>
                                                        ^^^^^^^^^^^^^^^^^^^^^^^
If you need interactivity, consider converting part of this to a Client Component.
    at stringify (<anonymous>:1:18)
    at resolveErrorDev (http://localhost:3000/_next/static/chunks/0wg0_next_dist_compiled_react-server-dom-turbopack_12v5tgi._.js:1919:105)
    at processFullStringRow (http://localhost:3000/_next/static/chunks/0wg0_next_dist_compiled_react-server-dom-turbopack_12v5tgi._.js:2434:29)
    at processFullBinaryRow (http://localhost:3000/_next/static/chunks/0wg0_next_dist_compiled_react-server-dom-turbopack_12v5tgi._.js:2393:9)
    at processBinaryChunk (http://localhost:3000/_next/static/chunks/0wg0_next_dist_compiled_react-server-dom-turbopack_12v5tgi._.js:2502:221)
    at progress (http://localhost:3000/_next/static/chunks/0wg0_next_dist_compiled_react-server-dom-turbopack_12v5tgi._.js:2689:13)
[ 3045410ms] [LOG] [Fast Refresh] rebuilding @ http://localhost:3000/_next/static/chunks/0wg0_next_dist_070.zfl._.js:2431
[ 3045584ms] [LOG] [Fast Refresh] done in 276ms @ http://localhost:3000/_next/static/chunks/0wg0_next_dist_070.zfl._.js:2431
[ 3080883ms] [LOG] [Fast Refresh] rebuilding @ http://localhost:3000/_next/static/chunks/0wg0_next_dist_070.zfl._.js:2431
[ 3081016ms] [LOG] [Fast Refresh] done in 171ms @ http://localhost:3000/_next/static/chunks/0wg0_next_dist_070.zfl._.js:2431
[ 3081259ms] [INFO] %cDownload the React DevTools for a better development experience: https://react.dev/link/react-devtools font-weight:bold @ http://localhost:3000/_next/static/chunks/0wg0_next_dist_070.zfl._.js:2431
[ 3081299ms] [LOG] [HMR] connected @ http://localhost:3000/_next/static/chunks/0wg0_next_dist_070.zfl._.js:2431
[ 3081348ms] [WARNING] Image with src "/verdeart.png" has either width or height modified, but not the other. If you use CSS to change the size of your image, also include the styles 'width: "auto"' or 'height: "auto"' to maintain the aspect ratio. @ http://localhost:3000/_next/static/chunks/0wg0_next_dist_070.zfl._.js:2431
[ 3081478ms] [ERROR] Failed to load resource: the server responded with a status of 500 (Internal Server Error) @ http://localhost:3000/api/promotion:0
[ 3563549ms] [LOG] [Fast Refresh] rebuilding @ http://localhost:3000/_next/static/chunks/0wg0_next_dist_070.zfl._.js:2431
[ 3563608ms] [LOG] [Fast Refresh] done in 123ms @ http://localhost:3000/_next/static/chunks/0wg0_next_dist_070.zfl._.js:2431
[ 3571356ms] [LOG] [Fast Refresh] rebuilding @ http://localhost:3000/_next/static/chunks/0wg0_next_dist_070.zfl._.js:2431
[ 3571413ms] [LOG] [Fast Refresh] done in 157ms @ http://localhost:3000/_next/static/chunks/0wg0_next_dist_070.zfl._.js:2431
